Loading python/3.12-deeplearn
  Loading requirement: cuda/12.4.1 cudnn/9.8.0
====================================
Job started on bn-hpc-gpu-2
Working directory: /home/rmk024/coffee_models/CoffeeAnalysis
Target: TDS
====================================
Mon Feb  9 15:31:46 2026       
+-----------------------------------------------------------------------------------------+
| NVIDIA-SMI 550.144.03             Driver Version: 550.144.03     CUDA Version: 12.4     |
|-----------------------------------------+------------------------+----------------------+
| GPU  Name                 Persistence-M | Bus-Id          Disp.A | Volatile Uncorr. ECC |
| Fan  Temp   Perf          Pwr:Usage/Cap |           Memory-Usage | GPU-Util  Compute M. |
|                                         |                        |               MIG M. |
|=========================================+========================+======================|
|   0  NVIDIA RTX A6000               Off |   00000000:01:00.0 Off |                    0 |
| 30%   45C    P2             67W /  300W |       2MiB /  46068MiB |      0%      Default |
|                                         |                        |                  N/A |
+-----------------------------------------+------------------------+----------------------+
                                                                                         
+-----------------------------------------------------------------------------------------+
| Processes:                                                                              |
|  GPU   GI   CI        PID   Type   Process name                              GPU Memory |
|        ID   ID                                                               Usage      |
|=========================================================================================|
|  No running processes found                                                             |
+-----------------------------------------------------------------------------------------+
Reading CoffeeHub data from Google Sheets...
URL: https://docs.google.com/spreadsheets/d/1Pa8iQ0_WjuVjassjfxEF_wE13O-19WQbBGbVffETHRA/gviz/tq?tqx=out:csv

Summary saved to /home/rmk024/coffee_models/CoffeeAnalysis/data/architecture_search_summary.csv
  Target    Best Architecture       Test R²  Test MAE
0    TDS  Small-32-16-1-Leaky -1.128294e+27  0.081238
